{/ = Caracter
/ = Caracter
Pru = Identificador
eba = Identificador
d = Identificador
e = Identificador
fu = Identificador
ego = Identificador
x26 = Identificador
= = Caracter
3.141592 = Numero
/* = Caracter
*/ = Caracter
++ = Caracter
+/ = Caracter
** = Caracter
*/ = Caracter
-- = Caracter
-/ = Caracter
** = Caracter
** = Caracter
/ = Caracter
&& = Caracter
& = Caracter
|| = Caracter
| = Caracter
== = Caracter
= = Caracter
! = Caracter
!= = Caracter
=/ = Caracter
/ = Caracter
T = Identificador
est = Identificador
< = Identificador
< = Identificador
<> = Identificador
> = Identificador
>" = Identificador
Hola = Identificador
mundo = Identificador
" = Caracter
; = Caracter
/* = Caracter
Cad = Identificador
ena = Identificador
Vacia = Identificador
*/ = Caracter
"" = Caracter
; = Caracter
+= = Caracter
-= = Caracter
*= = Caracter
/= = Caracter
%= = Caracter
}" = Caracter
. = Caracter
